<?xml version="1.0" encoding="UTF-8"?>
<testng-results skipped="1" failed="0" total="1" passed="0">
  <reporter-output>
  </reporter-output>
  <suite name="Default suite" duration-ms="42" started-at="2020-10-11T02:21:02Z" finished-at="2020-10-11T02:21:02Z">
    <groups>
    </groups>
    <test name="Default test" duration-ms="42" started-at="2020-10-11T02:21:02Z" finished-at="2020-10-11T02:21:02Z">
      <class name="com.zoho.testcases.ValidateZohoLogin">
        <test-method status="PASS" signature="beforeSuite()[pri:0, instance:com.zoho.testcases.ValidateZohoLogin@7e0ea639]" name="beforeSuite" is-config="true" duration-ms="80" started-at="2020-10-11T07:51:02Z" finished-at="2020-10-11T07:51:02Z">
          <reporter-output>
          </reporter-output>
        </test-method> <!-- beforeSuite -->
        <test-method status="FAIL" signature="beforeMethod()[pri:0, instance:com.zoho.testcases.ValidateZohoLogin@7e0ea639]" name="beforeMethod" is-config="true" duration-ms="0" started-at="2020-10-11T07:51:02Z" finished-at="2020-10-11T07:51:02Z">
          <exception class="java.lang.NullPointerException">
            <full-stacktrace>
              <![CDATA[java.lang.NullPointerException
	at com.zoho.utils.DriverFactory.createDriverInstance(DriverFactory.java:14)
	at com.zoho.testsetup.TestSetup.beforeMethod(TestSetup.java:41)
	at sun.reflect.NativeMethodAccessorImpl.invoke0(Native Method)
	at sun.reflect.NativeMethodAccessorImpl.invoke(NativeMethodAccessorImpl.java:62)
	at sun.reflect.DelegatingMethodAccessorImpl.invoke(DelegatingMethodAccessorImpl.java:43)
	at java.lang.reflect.Method.invoke(Method.java:498)
	at org.testng.internal.MethodInvocationHelper.invokeMethod(MethodInvocationHelper.java:86)
	at org.testng.internal.Invoker.invokeConfigurationMethod(Invoker.java:514)
	at org.testng.internal.Invoker.invokeConfigurations(Invoker.java:215)
	at org.testng.internal.Invoker.invokeMethod(Invoker.java:589)
	at org.testng.internal.Invoker.invokeTestMethod(Invoker.java:822)
	at org.testng.internal.Invoker.invokeTestMethods(Invoker.java:1130)
	at org.testng.internal.TestMethodWorker.invokeTestMethods(TestMethodWorker.java:129)
	at org.testng.internal.TestMethodWorker.run(TestMethodWorker.java:112)
	at org.testng.TestRunner.privateRun(TestRunner.java:782)
	at org.testng.TestRunner.run(TestRunner.java:632)
	at org.testng.SuiteRunner.runTest(SuiteRunner.java:366)
	at org.testng.SuiteRunner.runSequentially(SuiteRunner.java:361)
	at org.testng.SuiteRunner.privateRun(SuiteRunner.java:319)
	at org.testng.SuiteRunner.run(SuiteRunner.java:268)
	at org.testng.SuiteRunnerWorker.runSuite(SuiteRunnerWorker.java:52)
	at org.testng.SuiteRunnerWorker.run(SuiteRunnerWorker.java:86)
	at org.testng.TestNG.runSuitesSequentially(TestNG.java:1244)
	at org.testng.TestNG.runSuitesLocally(TestNG.java:1169)
	at org.testng.TestNG.run(TestNG.java:1064)
	at org.testng.remote.RemoteTestNG.run(RemoteTestNG.java:113)
	at org.testng.remote.RemoteTestNG.initAndRun(RemoteTestNG.java:206)
	at org.testng.remote.RemoteTestNG.main(RemoteTestNG.java:177)
]]>
            </full-stacktrace>
          </exception> <!-- java.lang.NullPointerException -->
          <reporter-output>
          </reporter-output>
        </test-method> <!-- beforeMethod -->
        <test-method status="SKIP" signature="validateZohoLoginWithValidCredentials()[pri:0, instance:com.zoho.testcases.ValidateZohoLogin@7e0ea639]" name="validateZohoLoginWithValidCredentials" duration-ms="2" started-at="2020-10-11T07:51:02Z" finished-at="2020-10-11T07:51:02Z">
          <reporter-output>
          </reporter-output>
        </test-method> <!-- validateZohoLoginWithValidCredentials -->
        <test-method status="SKIP" signature="afterMethod()[pri:0, instance:com.zoho.testcases.ValidateZohoLogin@7e0ea639]" name="afterMethod" is-config="true" duration-ms="0" started-at="2020-10-11T07:51:02Z" finished-at="2020-10-11T07:51:02Z">
          <reporter-output>
          </reporter-output>
        </test-method> <!-- afterMethod -->
      </class> <!-- com.zoho.testcases.ValidateZohoLogin -->
    </test> <!-- Default test -->
  </suite> <!-- Default suite -->
</testng-results>
